app/build/outputs/logs/manifest-merger-debug-report.txt
-- Merging decision tree log ---
manifest
ADDED from src\main\AndroidManifest.xml:2:1-75:12
	package
		ADDED from src\main\AndroidManifest.xml:5:7-41
		INJECTED from src\main\AndroidManifest.xml
		INJECTED from src\main\AndroidManifest.xml
	android:versionName
		ADDED from src\main\AndroidManifest.xml:4:2-27
		INJECTED from src\main\AndroidManifest.xml
		INJECTED from src\main\AndroidManifest.xml
	android:versionCode
		ADDED from src\main\AndroidManifest.xml:3:2-25
		INJECTED from src\main\AndroidManifest.xml
		INJECTED from src\main\AndroidManifest.xml
	xmlns:android
		ADDED from src\main\AndroidManifest.xml:2:11-69
uses-sdk
ADDED from src\main\AndroidManifest.xml:6:5-42
	android:targetSdkVersion
		INJECTED from src\main\AndroidManifest.xml
		INJECTED from src\main\AndroidManifest.xml
	android:minSdkVersion
		ADDED from src\main\AndroidManifest.xml:6:15-40
		INJECTED from src\main\AndroidManifest.xml
		INJECTED from src\main\AndroidManifest.xml
uses-permission#android.permission.CALL_PHONE
ADDED from src\main\AndroidManifest.xml:8:2-82
	android:name
		ADDED from src\main\AndroidManifest.xml:8:19-63
uses-permission#android.permission.WRITE_EXTERNAL_STORAGE
ADDED from src\main\AndroidManifest.xml:9:2-77
	android:name
		ADDED from src\main\AndroidManifest.xml:9:19-75
uses-permission#android.permission.READ_PHONE_STATE
ADDED from src\main\AndroidManifest.xml:10:2-72
	android:name
		ADDED from src\main\AndroidManifest.xml:10:19-69
uses-permission#android.permission.ACCESS_NETWORK_STATE
ADDED from src\main\AndroidManifest.xml:11:2-76
	android:name
		ADDED from src\main\AndroidManifest.xml:11:19-73
uses-permission#android.permission.INTERNET
ADDED from src\main\AndroidManifest.xml:12:2-64
	android:name
		ADDED from src\main\AndroidManifest.xml:12:19-61
uses-permission#android.permission.VIBRATE
ADDED from src\main\AndroidManifest.xml:13:2-63
	android:name
		ADDED from src\main\AndroidManifest.xml:13:19-60
application
ADDED from src\main\AndroidManifest.xml:15:5-74:19
	android:label
		ADDED from src\main\AndroidManifest.xml:15:18-50
	android:debuggable
		ADDED from src\main\AndroidManifest.xml:15:81-107
	android:icon
		ADDED from src\main\AndroidManifest.xml:15:51-80
activity#com.login.AppVersionCheck
ADDED from src\main\AndroidManifest.xml:16:9-21:20
	android:screenOrientation
		ADDED from src\main\AndroidManifest.xml:16:125-161
	android:theme
		ADDED from src\main\AndroidManifest.xml:16:19-83
	android:name
		ADDED from src\main\AndroidManifest.xml:16:84-124
intent-filter#android.intent.action.MAIN+android.intent.category.LAUNCHER
ADDED from src\main\AndroidManifest.xml:17:13-20:29
action#android.intent.action.MAIN
ADDED from src\main\AndroidManifest.xml:18:17-69
	android:name
		ADDED from src\main\AndroidManifest.xml:18:25-66
category#android.intent.category.LAUNCHER
ADDED from src\main\AndroidManifest.xml:19:17-77
	android:name
		ADDED from src\main\AndroidManifest.xml:19:27-74
activity#com.practice.PracticeSelect
ADDED from src\main\AndroidManifest.xml:24:3-171
	android:screenOrientation
		ADDED from src\main\AndroidManifest.xml:24:123-159
	android:theme
		ADDED from src\main\AndroidManifest.xml:24:14-78
	android:name
		ADDED from src\main\AndroidManifest.xml:24:80-122
activity#com.practice.PracticeQuiz
ADDED from src\main\AndroidManifest.xml:25:3-212
	android:screenOrientation
		ADDED from src\main\AndroidManifest.xml:25:121-157
	android:windowSoftInputMode
		ADDED from src\main\AndroidManifest.xml:25:159-200
	android:theme
		ADDED from src\main\AndroidManifest.xml:25:14-78
	android:name
		ADDED from src\main\AndroidManifest.xml:25:80-120
activity#com.real.real_intro
ADDED from src\main\AndroidManifest.xml:28:3-162
	android:screenOrientation
		ADDED from src\main\AndroidManifest.xml:28:114-150
	android:theme
		ADDED from src\main\AndroidManifest.xml:28:13-77
	android:name
		ADDED from src\main\AndroidManifest.xml:28:79-113
activity#com.real.real_quiz
ADDED from src\main\AndroidManifest.xml:29:3-203
	android:screenOrientation
		ADDED from src\main\AndroidManifest.xml:29:113-149
	android:windowSoftInputMode
		ADDED from src\main\AndroidManifest.xml:29:150-191
	android:theme
		ADDED from src\main\AndroidManifest.xml:29:13-77
	android:name
		ADDED from src\main\AndroidManifest.xml:29:79-112
activity#com.real.real_quiz_ox
ADDED from src\main\AndroidManifest.xml:30:3-164
	android:screenOrientation
		ADDED from src\main\AndroidManifest.xml:30:116-152
	android:theme
		ADDED from src\main\AndroidManifest.xml:30:13-77
	android:name
		ADDED from src\main\AndroidManifest.xml:30:79-115
activity#com.real.real_quiz_shortanswer
ADDED from src\main\AndroidManifest.xml:31:3-215
	android:screenOrientation
		ADDED from src\main\AndroidManifest.xml:31:125-161
	android:windowSoftInputMode
		ADDED from src\main\AndroidManifest.xml:31:162-203
	android:theme
		ADDED from src\main\AndroidManifest.xml:31:13-77
	android:name
		ADDED from src\main\AndroidManifest.xml:31:79-124
activity#com.real.real_quiz_multiple
ADDED from src\main\AndroidManifest.xml:32:3-170
	android:screenOrientation
		ADDED from src\main\AndroidManifest.xml:32:122-158
	android:theme
		ADDED from src\main\AndroidManifest.xml:32:13-77
	android:name
		ADDED from src\main\AndroidManifest.xml:32:79-121
activity#com.real.real_intod_dto
ADDED from src\main\AndroidManifest.xml:33:3-166
	android:screenOrientation
		ADDED from src\main\AndroidManifest.xml:33:118-154
	android:theme
		ADDED from src\main\AndroidManifest.xml:33:13-77
	android:name
		ADDED from src\main\AndroidManifest.xml:33:79-117
activity#com.real.real_quiz_resultlist
ADDED from src\main\AndroidManifest.xml:34:3-172
	android:screenOrientation
		ADDED from src\main\AndroidManifest.xml:34:124-160
	android:theme
		ADDED from src\main\AndroidManifest.xml:34:13-77
	android:name
		ADDED from src\main\AndroidManifest.xml:34:79-123
activity#com.mystudy.MyStudyRoom_Tab_Main
ADDED from src\main\AndroidManifest.xml:37:3-175
	android:screenOrientation
		ADDED from src\main\AndroidManifest.xml:37:127-163
	android:theme
		ADDED from src\main\AndroidManifest.xml:37:13-77
	android:name
		ADDED from src\main\AndroidManifest.xml:37:79-126
activity#com.mystudy.MyStudyRoom_Select
ADDED from src\main\AndroidManifest.xml:38:3-173
	android:screenOrientation
		ADDED from src\main\AndroidManifest.xml:38:125-161
	android:theme
		ADDED from src\main\AndroidManifest.xml:38:13-77
	android:name
		ADDED from src\main\AndroidManifest.xml:38:79-124
activity#com.profile.ProfileMain
ADDED from src\main\AndroidManifest.xml:41:3-166
	android:screenOrientation
		ADDED from src\main\AndroidManifest.xml:41:118-154
	android:theme
		ADDED from src\main\AndroidManifest.xml:41:13-77
	android:name
		ADDED from src\main\AndroidManifest.xml:41:79-117
activity#com.ranking.RankingReal
ADDED from src\main\AndroidManifest.xml:44:3-166
	android:screenOrientation
		ADDED from src\main\AndroidManifest.xml:44:118-154
	android:theme
		ADDED from src\main\AndroidManifest.xml:44:13-77
	android:name
		ADDED from src\main\AndroidManifest.xml:44:79-117
activity#com.ranking.RankingRealDetail
ADDED from src\main\AndroidManifest.xml:45:3-172
	android:screenOrientation
		ADDED from src\main\AndroidManifest.xml:45:124-160
	android:theme
		ADDED from src\main\AndroidManifest.xml:45:13-77
	android:name
		ADDED from src\main\AndroidManifest.xml:45:79-123
activity#com.ranking.RankingSelect
ADDED from src\main\AndroidManifest.xml:46:3-168
	android:screenOrientation
		ADDED from src\main\AndroidManifest.xml:46:120-156
	android:theme
		ADDED from src\main\AndroidManifest.xml:46:13-77
	android:name
		ADDED from src\main\AndroidManifest.xml:46:79-119
activity#com.ranking.EventTeamRanking
ADDED from src\main\AndroidManifest.xml:47:3-171
	android:screenOrientation
		ADDED from src\main\AndroidManifest.xml:47:123-159
	android:theme
		ADDED from src\main\AndroidManifest.xml:47:13-77
	android:name
		ADDED from src\main\AndroidManifest.xml:47:79-122
activity#com.ranking.RankingEventList
ADDED from src\main\AndroidManifest.xml:48:3-171
	android:screenOrientation
		ADDED from src\main\AndroidManifest.xml:48:123-159
	android:theme
		ADDED from src\main\AndroidManifest.xml:48:13-77
	android:name
		ADDED from src\main\AndroidManifest.xml:48:79-122
activity#com.ranking.RankingEventBasedTeam
ADDED from src\main\AndroidManifest.xml:49:3-176
	android:screenOrientation
		ADDED from src\main\AndroidManifest.xml:49:128-164
	android:theme
		ADDED from src\main\AndroidManifest.xml:49:13-77
	android:name
		ADDED from src\main\AndroidManifest.xml:49:79-127
activity#com.ranking.RankingEventBasedIndividual
ADDED from src\main\AndroidManifest.xml:50:3-182
	android:screenOrientation
		ADDED from src\main\AndroidManifest.xml:50:134-170
	android:theme
		ADDED from src\main\AndroidManifest.xml:50:13-77
	android:name
		ADDED from src\main\AndroidManifest.xml:50:79-133
activity#com.notice.NoticeList
ADDED from src\main\AndroidManifest.xml:54:3-164
	android:screenOrientation
		ADDED from src\main\AndroidManifest.xml:54:116-152
	android:theme
		ADDED from src\main\AndroidManifest.xml:54:14-78
	android:name
		ADDED from src\main\AndroidManifest.xml:54:79-115
activity#com.main.MainHidden
ADDED from src\main\AndroidManifest.xml:56:3-163
	android:screenOrientation
		ADDED from src\main\AndroidManifest.xml:56:115-151
	android:theme
		ADDED from src\main\AndroidManifest.xml:56:14-78
	android:name
		ADDED from src\main\AndroidManifest.xml:56:80-114
activity#com.main.QuizMain
ADDED from src\main\AndroidManifest.xml:57:3-163
	android:screenOrientation
		ADDED from src\main\AndroidManifest.xml:57:114-150
	android:theme
		ADDED from src\main\AndroidManifest.xml:57:14-78
	android:name
		ADDED from src\main\AndroidManifest.xml:57:81-113
activity#com.login.UserLogin
ADDED from src\main\AndroidManifest.xml:60:9-169
	android:screenOrientation
		ADDED from src\main\AndroidManifest.xml:60:120-156
	android:theme
		ADDED from src\main\AndroidManifest.xml:60:20-84
	android:name
		ADDED from src\main\AndroidManifest.xml:60:85-119
activity#com.login.UserRegister
ADDED from src\main\AndroidManifest.xml:61:9-172
	android:screenOrientation
		ADDED from src\main\AndroidManifest.xml:61:123-159
	android:theme
		ADDED from src\main\AndroidManifest.xml:61:20-84
	android:name
		ADDED from src\main\AndroidManifest.xml:61:85-122
activity#com.login.RecoverUserIdPassword
ADDED from src\main\AndroidManifest.xml:62:9-181
	android:screenOrientation
		ADDED from src\main\AndroidManifest.xml:62:132-168
	android:theme
		ADDED from src\main\AndroidManifest.xml:62:20-84
	android:name
		ADDED from src\main\AndroidManifest.xml:62:85-131
activity#com.login.ResetPassword
ADDED from src\main\AndroidManifest.xml:63:9-173
	android:screenOrientation
		ADDED from src\main\AndroidManifest.xml:63:124-160
	android:theme
		ADDED from src\main\AndroidManifest.xml:63:20-84
	android:name
		ADDED from src\main\AndroidManifest.xml:63:85-123
activity#com.event.SuddenEventQuestion
ADDED from src\main\AndroidManifest.xml:66:9-178
	android:screenOrientation
		ADDED from src\main\AndroidManifest.xml:66:130-166
	android:theme
		ADDED from src\main\AndroidManifest.xml:66:20-84
	android:name
		ADDED from src\main\AndroidManifest.xml:66:85-129
activity#com.event.GeneralEvent
ADDED from src\main\AndroidManifest.xml:67:9-171
	android:screenOrientation
		ADDED from src\main\AndroidManifest.xml:67:123-159
	android:theme
		ADDED from src\main\AndroidManifest.xml:67:20-84
	android:name
		ADDED from src\main\AndroidManifest.xml:67:85-122
activity#com.event.GeneralEventDetail
ADDED from src\main\AndroidManifest.xml:68:9-177
	android:screenOrientation
		ADDED from src\main\AndroidManifest.xml:68:129-165
	android:theme
		ADDED from src\main\AndroidManifest.xml:68:20-84
	android:name
		ADDED from src\main\AndroidManifest.xml:68:85-128
activity#com.event.VirtualEventDetail
ADDED from src\main\AndroidManifest.xml:69:9-177
	android:screenOrientation
		ADDED from src\main\AndroidManifest.xml:69:129-165
	android:theme
		ADDED from src\main\AndroidManifest.xml:69:20-84
	android:name
		ADDED from src\main\AndroidManifest.xml:69:85-128
activity#com.event.GeneralEventQuiz
ADDED from src\main\AndroidManifest.xml:70:9-218
	android:screenOrientation
		ADDED from src\main\AndroidManifest.xml:70:127-163
	android:windowSoftInputMode
		ADDED from src\main\AndroidManifest.xml:70:165-206
	android:theme
		ADDED from src\main\AndroidManifest.xml:70:20-84
	android:name
		ADDED from src\main\AndroidManifest.xml:70:85-126
activity#com.event.SurvivalEventQuiz
ADDED from src\main\AndroidManifest.xml:71:9-218
	android:screenOrientation
		ADDED from src\main\AndroidManifest.xml:71:128-164
	android:windowSoftInputMode
		ADDED from src\main\AndroidManifest.xml:71:165-206
	android:theme
		ADDED from src\main\AndroidManifest.xml:71:20-84
	android:name
		ADDED from src\main\AndroidManifest.xml:71:85-127
activity#com.event.GeneralEventQuizResult
ADDED from src\main\AndroidManifest.xml:72:9-181
	android:screenOrientation
		ADDED from src\main\AndroidManifest.xml:72:133-169
	android:theme
		ADDED from src\main\AndroidManifest.xml:72:20-84
	android:name
		ADDED from src\main\AndroidManifest.xml:72:85-132
activity#com.event.SurvivalEventQuizResult
ADDED from src\main\AndroidManifest.xml:73:9-182
	android:screenOrientation
		ADDED from src\main\AndroidManifest.xml:73:134-170
	android:theme
		ADDED from src\main\AndroidManifest.xml:73:20-84
	android:name
		ADDED from src\main\AndroidManifest.xml:73:85-133